[debug] [2025-10-24T06:58:49.873Z] ----------------------------------------------------------------------
[debug] [2025-10-24T06:58:49.875Z] Command:       C:\Program Files\nodejs\node.exe C:\Users\Frank\AppData\Roaming\npm\node_modules\firebase-tools\lib\bin\firebase.js deploy --only functions
[debug] [2025-10-24T06:58:49.876Z] CLI Version:   14.22.0
[debug] [2025-10-24T06:58:49.876Z] Platform:      win32
[debug] [2025-10-24T06:58:49.876Z] Node Version:  v22.16.0
[debug] [2025-10-24T06:58:49.876Z] Time:          Fri Oct 24 2025 14:58:49 GMT+0800 (Philippine Standard Time)
[debug] [2025-10-24T06:58:49.876Z] ----------------------------------------------------------------------
[debug] 
[error] 
[error] Error: Not in a Firebase app directory (could not locate firebase.json)
[debug] [2025-10-24T06:58:50.344Z] Error: EBUSY: resource busy or locked, unlink 'C:\Users\Frank\Desktop\alertnet\barangay-dashboard\firebase-debug.log'
    at Object.unlinkSync (node:fs:1953:11)
    at process.<anonymous> (C:\Users\Frank\AppData\Roaming\npm\node_modules\firebase-tools\lib\bin\cli.js:44:16)
    at process.emit (node:events:530:35)
    at process.exit (node:internal/process/per_thread:194:15)
    at Timeout._onTimeout (C:\Users\Frank\AppData\Roaming\npm\node_modules\firebase-tools\lib\errorOut.js:20:17)
    at listOnTimeout (node:internal/timers:588:17)
    at process.processTimers (node:internal/timers:523:7)
[error] 
[error] Error: An unexpected error has occurred.
